<?xml version="1.0" encoding="UTF-8"?>
<!-- Generated by org.testng.reporters.JUnitXMLReporter -->
<testsuite hostname="Seans-MBP.attlocal.net" name="WIN10_Chrome_TestCases" tests="2" failures="0" timestamp="1 Jun 2017 10:54:39 GMT" time="103.533" errors="0">
  <testcase name="performSearchGetMemberCount" time="35.419" classname="testScripts.SmokeTests_OnPrem"/>
  <testcase name="getMemberNameTitle" time="46.034" classname="testScripts.SmokeTests_OnPrem"/>
</testsuite> <!-- WIN10_Chrome_TestCases -->
