<?xml version="1.0" encoding="UTF-8"?>
<!-- Generated by org.testng.reporters.JUnitXMLReporter -->
<testsuite hostname="Seans-MBP.attlocal.net" name="WIN81_Chrome_TestCases" tests="2" failures="0" timestamp="1 Jun 2017 18:03:17 GMT" time="23.961" errors="0">
  <testcase name="performSearchGetMemberCount" time="2.252" classname="testScripts.SmokeTests_OnPrem"/>
  <testcase name="getMemberNameTitle" time="3.133" classname="testScripts.SmokeTests_OnPrem"/>
</testsuite> <!-- WIN81_Chrome_TestCases -->
