<?xml version="1.0" encoding="UTF-8"?>
<!-- Generated by org.testng.reporters.JUnitXMLReporter -->
<testsuite hostname="Seans-MBP.attlocal.net" name="WIN81_MicrosoftEdge_TestCases" tests="2" failures="0" timestamp="1 Jun 2017 18:03:36 GMT" time="18.075" errors="0">
  <testcase name="performSearchGetMemberCount" time="2.147" classname="testScripts.SmokeTests_OnPrem"/>
  <testcase name="getMemberNameTitle" time="3.323" classname="testScripts.SmokeTests_OnPrem"/>
</testsuite> <!-- WIN81_MicrosoftEdge_TestCases -->
