<?xml version="1.0" encoding="UTF-8"?>
<!-- Generated by org.testng.reporters.JUnitXMLReporter -->
<testsuite hostname="Seans-MBP.attlocal.net" name="WIN81_Firefox_TestCases" tests="2" failures="0" timestamp="1 Jun 2017 18:02:53 GMT" time="23.384" errors="0">
  <testcase name="performSearchGetMemberCount" time="4.351" classname="testScripts.SmokeTests_OnPrem"/>
  <testcase name="getMemberNameTitle" time="4.171" classname="testScripts.SmokeTests_OnPrem"/>
</testsuite> <!-- WIN81_Firefox_TestCases -->
